<?xml version="1.0" encoding="UTF-8"?>
<!-- Generated by org.testng.reporters.JUnitReportReporter -->
<testsuite skipped="0" hostname="Murodils-MacBook-Pro-2.local" name="testngselenium2.GoogleSearchSelenium2" tests="2" failures="0" timestamp="20 Apr 2017 02:10:59 GMT" time="6.597" errors="0">
  <testcase name="googleSearch" time="3.619" classname="testngselenium2.GoogleSearchSelenium2"/>
  <testcase name="googleSearch" time="2.978" classname="testngselenium2.GoogleSearchSelenium2"/>
</testsuite> <!-- testngselenium2.GoogleSearchSelenium2 -->
