<?xml version="1.0" encoding="UTF-8"?>
<!-- Generated by org.testng.reporters.JUnitReportReporter -->
<testsuite skipped="0" hostname="wsip-72-196-48-60.dc.dc.cox.net" name="testngselenium.GoogleSearch" tests="4" failures="0" timestamp="20 Apr 2017 00:50:44 GMT" time="0.012" errors="0">
  <testcase name="search" time="0.001" classname="testngselenium.GoogleSearch"/>
  <testcase name="loginToGoogleAccount" time="0.001" classname="testngselenium.GoogleSearch"/>
  <testcase name="loginToGoogleAccount" time="0.002" classname="testngselenium.GoogleSearch"/>
  <testcase name="loginToGoogleAccount" time="0.008" classname="testngselenium.GoogleSearch"/>
</testsuite> <!-- testngselenium.GoogleSearch -->
