<?xml version="1.0" encoding="UTF-8"?>
<!-- Generated by org.testng.reporters.JUnitReportReporter -->
<testsuite skipped="0" hostname="Murodils-MacBook-Pro-2.local" name="testngselenium.GoogleSearchSelenium" tests="2" failures="0" timestamp="20 Apr 2017 02:10:59 GMT" time="5.838" errors="0">
  <testcase name="googleSearch" time="2.456" classname="testngselenium.GoogleSearchSelenium"/>
  <testcase name="googleSearch" time="3.382" classname="testngselenium.GoogleSearchSelenium"/>
</testsuite> <!-- testngselenium.GoogleSearchSelenium -->
