<?xml version="1.0" encoding="UTF-8"?>
<!-- Generated by org.testng.reporters.JUnitReportReporter -->
<testsuite skipped="0" hostname="wsip-72-196-48-60.dc.dc.cox.net" name="testngtests.TestNGAnnotations" tests="1" failures="0" timestamp="20 Apr 2017 00:19:35 GMT" time="0.014" errors="0">
  <testcase name="test1" time="0.014" classname="testngtests.TestNGAnnotations"/>
</testsuite> <!-- testngtests.TestNGAnnotations -->
