<?xml version="1.0" encoding="UTF-8"?>
<!-- Generated by org.testng.reporters.JUnitReportReporter -->
<testsuite skipped="0" hostname="wsip-72-196-48-60.dc.dc.cox.net" name="testngtests.TestNGGroups" tests="3" failures="0" timestamp="20 Apr 2017 00:19:35 GMT" time="0.005" errors="0">
  <testcase name="cats" time="0.002" classname="testngtests.TestNGGroups"/>
  <testcase name="dogs" time="0.001" classname="testngtests.TestNGGroups"/>
  <testcase name="fish" time="0.002" classname="testngtests.TestNGGroups"/>
</testsuite> <!-- testngtests.TestNGGroups -->
