<?xml version="1.0" encoding="UTF-8"?>
<!-- Generated by org.testng.reporters.JUnitReportReporter -->
<testsuite skipped="0" hostname="wsip-72-196-48-60.dc.dc.cox.net" name="testngtests.TestNGDependencyTest" tests="3" failures="0" timestamp="19 Apr 2017 23:54:58 GMT" time="0.002" errors="0">
  <testcase name="launchDriver" time="0.000" classname="testngtests.TestNGDependencyTest"/>
  <testcase name="login" time="0.002" classname="testngtests.TestNGDependencyTest"/>
  <testcase name="logout" time="0.000" classname="testngtests.TestNGDependencyTest"/>
</testsuite> <!-- testngtests.TestNGDependencyTest -->
