<?xml version="1.0" encoding="UTF-8"?>
<!-- Generated by org.testng.reporters.JUnitReportReporter -->
<testsuite skipped="1" hostname="wsip-72-196-48-60.dc.dc.cox.net" name="testngtests.TestNGPrioritizingTests" tests="4" failures="0" timestamp="19 Apr 2017 23:54:58 GMT" time="0.002" errors="0">
  <testcase name="one" time="0.000" classname="testngtests.TestNGPrioritizingTests"/>
  <testcase name="two" time="0.001" classname="testngtests.TestNGPrioritizingTests"/>
  <testcase name="four" time="0.001" classname="testngtests.TestNGPrioritizingTests"/>
  <testcase name="three" classname="testngtests.TestNGPrioritizingTests">
    <skipped/>
  </testcase> <!-- three -->
</testsuite> <!-- testngtests.TestNGPrioritizingTests -->
